  Collision.cpp
C:\Program Files (x86)\Windows Kits\10\Include\10.0.15063.0\shared\minwindef.h(127): warning C4005: 'CALLBACK': 매크로 재정의
  C:\Program Files (x86)\Windows Kits\10\Include\10.0.15063.0\um\gl/glut.h(33): note: 'CALLBACK'의 이전 정의를 참조하십시오.
  Ghost.cpp
C:\Program Files (x86)\Windows Kits\10\Include\10.0.15063.0\shared\minwindef.h(127): warning C4005: 'CALLBACK': 매크로 재정의
  C:\Program Files (x86)\Windows Kits\10\Include\10.0.15063.0\um\gl/glut.h(33): note: 'CALLBACK'의 이전 정의를 참조하십시오.
  Input.cpp
C:\Program Files (x86)\Windows Kits\10\Include\10.0.15063.0\shared\minwindef.h(127): warning C4005: 'CALLBACK': 매크로 재정의
  C:\Program Files (x86)\Windows Kits\10\Include\10.0.15063.0\um\gl/glut.h(33): note: 'CALLBACK'의 이전 정의를 참조하십시오.
  Letter.cpp
C:\Program Files (x86)\Windows Kits\10\Include\10.0.15063.0\shared\minwindef.h(127): warning C4005: 'CALLBACK': 매크로 재정의
  C:\Program Files (x86)\Windows Kits\10\Include\10.0.15063.0\um\gl/glut.h(33): note: 'CALLBACK'의 이전 정의를 참조하십시오.
  Light.cpp
C:\Program Files (x86)\Windows Kits\10\Include\10.0.15063.0\shared\minwindef.h(127): warning C4005: 'CALLBACK': 매크로 재정의
  C:\Program Files (x86)\Windows Kits\10\Include\10.0.15063.0\um\gl/glut.h(33): note: 'CALLBACK'의 이전 정의를 참조하십시오.
  Main.cpp
C:\Program Files (x86)\Windows Kits\10\Include\10.0.15063.0\shared\minwindef.h(127): warning C4005: 'CALLBACK': 매크로 재정의
  C:\Program Files (x86)\Windows Kits\10\Include\10.0.15063.0\um\gl/glut.h(33): note: 'CALLBACK'의 이전 정의를 참조하십시오.
  RenderScene.cpp
C:\Program Files (x86)\Windows Kits\10\Include\10.0.15063.0\shared\minwindef.h(127): warning C4005: 'CALLBACK': 매크로 재정의
  C:\Program Files (x86)\Windows Kits\10\Include\10.0.15063.0\um\gl/glut.h(33): note: 'CALLBACK'의 이전 정의를 참조하십시오.
  Resource.cpp
C:\Program Files (x86)\Windows Kits\10\Include\10.0.15063.0\shared\minwindef.h(127): warning C4005: 'CALLBACK': 매크로 재정의
  C:\Program Files (x86)\Windows Kits\10\Include\10.0.15063.0\um\gl/glut.h(33): note: 'CALLBACK'의 이전 정의를 참조하십시오.
  stdafx.cpp
C:\Program Files (x86)\Windows Kits\10\Include\10.0.15063.0\shared\minwindef.h(127): warning C4005: 'CALLBACK': 매크로 재정의
  C:\Program Files (x86)\Windows Kits\10\Include\10.0.15063.0\um\gl/glut.h(33): note: 'CALLBACK'의 이전 정의를 참조하십시오.
  Time.cpp
C:\Program Files (x86)\Windows Kits\10\Include\10.0.15063.0\shared\minwindef.h(127): warning C4005: 'CALLBACK': 매크로 재정의
  C:\Program Files (x86)\Windows Kits\10\Include\10.0.15063.0\um\gl/glut.h(33): note: 'CALLBACK'의 이전 정의를 참조하십시오.
Ghost.obj : error LNK2001: glutSolidSphere 외부 기호를 확인할 수 없습니다.
Ghost.obj : error LNK2001: glutSolidCone 외부 기호를 확인할 수 없습니다.
Input.obj : error LNK2001: glutIgnoreKeyRepeat 외부 기호를 확인할 수 없습니다.
Input.obj : error LNK2001: glutPostRedisplay 외부 기호를 확인할 수 없습니다.
Input.obj : error LNK2001: glutKeyboardFunc 외부 기호를 확인할 수 없습니다.
Input.obj : error LNK2001: glutSetWindow 외부 기호를 확인할 수 없습니다.
Input.obj : error LNK2001: glutSpecialFunc 외부 기호를 확인할 수 없습니다.
Input.obj : error LNK2001: glutSpecialUpFunc 외부 기호를 확인할 수 없습니다.
Letter.obj : error LNK2001: glutBitmapCharacter 외부 기호를 확인할 수 없습니다.
Main.obj : error LNK2001: glutInit 외부 기호를 확인할 수 없습니다.
Main.obj : error LNK2001: glutReshapeFunc 외부 기호를 확인할 수 없습니다.
Main.obj : error LNK2001: glutCreateSubWindow 외부 기호를 확인할 수 없습니다.
Main.obj : error LNK2001: glutReshapeWindow 외부 기호를 확인할 수 없습니다.
Main.obj : error LNK2001: glutCreateWindow 외부 기호를 확인할 수 없습니다.
Main.obj : error LNK2001: glutIdleFunc 외부 기호를 확인할 수 없습니다.
Main.obj : error LNK2001: glutInitDisplayMode 외부 기호를 확인할 수 없습니다.
Main.obj : error LNK2001: glutPositionWindow 외부 기호를 확인할 수 없습니다.
Main.obj : error LNK2001: glutTimerFunc 외부 기호를 확인할 수 없습니다.
Main.obj : error LNK2001: glutDisplayFunc 외부 기호를 확인할 수 없습니다.
Main.obj : error LNK2001: glutMainLoop 외부 기호를 확인할 수 없습니다.
Main.obj : error LNK2001: glutInitWindowPosition 외부 기호를 확인할 수 없습니다.
Main.obj : error LNK2001: glutInitWindowSize 외부 기호를 확인할 수 없습니다.
RenderScene.obj : error LNK2001: glutSolidCube 외부 기호를 확인할 수 없습니다.
RenderScene.obj : error LNK2001: glutGet 외부 기호를 확인할 수 없습니다.
RenderScene.obj : error LNK2001: glutSwapBuffers 외부 기호를 확인할 수 없습니다.
C:\Users\이준성\Desktop\구루구루 이미지 폴더\프로그램 파일 관리\network_pro\Net_MazeRunner_OOP\x64\Release\Net_MazeRunner.exe : fatal error LNK1120: 25개의 확인할 수 없는 외부 참조입니다.
