c:\users\이준성\desktop\구루구루 이미지 폴더\프로그램 파일 관리\network_pro\network_pro\net_mazerunner_server\debug\mazerunner_server.pch
c:\users\이준성\desktop\구루구루 이미지 폴더\프로그램 파일 관리\network_pro\network_pro\net_mazerunner_server\debug\vc141.pdb
c:\users\이준성\desktop\구루구루 이미지 폴더\프로그램 파일 관리\network_pro\network_pro\net_mazerunner_server\debug\vc141.idb
c:\users\이준성\desktop\구루구루 이미지 폴더\프로그램 파일 관리\network_pro\network_pro\net_mazerunner_server\debug\stdafx.obj
c:\users\이준성\desktop\구루구루 이미지 폴더\프로그램 파일 관리\network_pro\network_pro\net_mazerunner_server\debug\cforserver.obj
c:\users\이준성\desktop\구루구루 이미지 폴더\프로그램 파일 관리\network_pro\network_pro\net_mazerunner_server\debug\cgameobject.obj
c:\users\이준성\desktop\구루구루 이미지 폴더\프로그램 파일 관리\network_pro\network_pro\net_mazerunner_server\debug\cghost.obj
c:\users\이준성\desktop\구루구루 이미지 폴더\프로그램 파일 관리\network_pro\network_pro\net_mazerunner_server\debug\cmaze.obj
c:\users\이준성\desktop\구루구루 이미지 폴더\프로그램 파일 관리\network_pro\network_pro\net_mazerunner_server\debug\cplayer.obj
c:\users\이준성\desktop\구루구루 이미지 폴더\프로그램 파일 관리\network_pro\network_pro\net_mazerunner_server\debug\crecvfrom.obj
c:\users\이준성\desktop\구루구루 이미지 폴더\프로그램 파일 관리\network_pro\network_pro\net_mazerunner_server\debug\csendto.obj
c:\users\이준성\desktop\구루구루 이미지 폴더\프로그램 파일 관리\network_pro\network_pro\net_mazerunner_server\debug\error.obj
c:\users\이준성\desktop\구루구루 이미지 폴더\프로그램 파일 관리\network_pro\network_pro\net_mazerunner_server\debug\mazerunner_server.obj
c:\users\이준성\desktop\구루구루 이미지 폴더\프로그램 파일 관리\network_pro\network_pro\net_mazerunner_server\debug\mazerunner_server.exe
c:\users\이준성\desktop\구루구루 이미지 폴더\프로그램 파일 관리\network_pro\network_pro\net_mazerunner_server\debug\mazerunner_server.ilk
c:\users\이준성\desktop\구루구루 이미지 폴더\프로그램 파일 관리\network_pro\network_pro\net_mazerunner_server\debug\mazerunner_server.pdb
c:\users\이준성\desktop\구루구루 이미지 폴더\프로그램 파일 관리\network_pro\network_pro\net_mazerunner_server\debug\mazerunn.b5ab98dd.tlog\cl.command.1.tlog
c:\users\이준성\desktop\구루구루 이미지 폴더\프로그램 파일 관리\network_pro\network_pro\net_mazerunner_server\debug\mazerunn.b5ab98dd.tlog\cl.read.1.tlog
c:\users\이준성\desktop\구루구루 이미지 폴더\프로그램 파일 관리\network_pro\network_pro\net_mazerunner_server\debug\mazerunn.b5ab98dd.tlog\cl.write.1.tlog
c:\users\이준성\desktop\구루구루 이미지 폴더\프로그램 파일 관리\network_pro\network_pro\net_mazerunner_server\debug\mazerunn.b5ab98dd.tlog\link.command.1.tlog
c:\users\이준성\desktop\구루구루 이미지 폴더\프로그램 파일 관리\network_pro\network_pro\net_mazerunner_server\debug\mazerunn.b5ab98dd.tlog\link.read.1.tlog
c:\users\이준성\desktop\구루구루 이미지 폴더\프로그램 파일 관리\network_pro\network_pro\net_mazerunner_server\debug\mazerunn.b5ab98dd.tlog\link.write.1.tlog
