c:\users\이준성\desktop\구루구루 이미지 폴더\프로그램 파일 관리\network_pro\network_pro\net_mazerunner_oop\release\vc141.pdb
c:\users\이준성\desktop\구루구루 이미지 폴더\프로그램 파일 관리\network_pro\network_pro\net_mazerunner_oop\release\time.obj
c:\users\이준성\desktop\구루구루 이미지 폴더\프로그램 파일 관리\network_pro\network_pro\net_mazerunner_oop\release\stdafx.obj
c:\users\이준성\desktop\구루구루 이미지 폴더\프로그램 파일 관리\network_pro\network_pro\net_mazerunner_oop\release\resource.obj
c:\users\이준성\desktop\구루구루 이미지 폴더\프로그램 파일 관리\network_pro\network_pro\net_mazerunner_oop\release\renderscene.obj
c:\users\이준성\desktop\구루구루 이미지 폴더\프로그램 파일 관리\network_pro\network_pro\net_mazerunner_oop\release\player.obj
c:\users\이준성\desktop\구루구루 이미지 폴더\프로그램 파일 관리\network_pro\network_pro\net_mazerunner_oop\release\otherplayer.obj
c:\users\이준성\desktop\구루구루 이미지 폴더\프로그램 파일 관리\network_pro\network_pro\net_mazerunner_oop\release\main.obj
c:\users\이준성\desktop\구루구루 이미지 폴더\프로그램 파일 관리\network_pro\network_pro\net_mazerunner_oop\release\light.obj
c:\users\이준성\desktop\구루구루 이미지 폴더\프로그램 파일 관리\network_pro\network_pro\net_mazerunner_oop\release\letter.obj
c:\users\이준성\desktop\구루구루 이미지 폴더\프로그램 파일 관리\network_pro\network_pro\net_mazerunner_oop\release\input.obj
c:\users\이준성\desktop\구루구루 이미지 폴더\프로그램 파일 관리\network_pro\network_pro\net_mazerunner_oop\release\ghost.obj
c:\users\이준성\desktop\구루구루 이미지 폴더\프로그램 파일 관리\network_pro\network_pro\net_mazerunner_oop\release\collision.obj
c:\users\이준성\desktop\구루구루 이미지 폴더\프로그램 파일 관리\network_pro\network_pro\net_mazerunner_oop\release\network.obj
c:\users\이준성\desktop\구루구루 이미지 폴더\프로그램 파일 관리\network_pro\network_pro\net_mazerunner_oop\release\net_mazerunner.exe
c:\users\이준성\desktop\구루구루 이미지 폴더\프로그램 파일 관리\network_pro\network_pro\net_mazerunner_oop\release\net_mazerunner.pdb
c:\users\이준성\desktop\구루구루 이미지 폴더\프로그램 파일 관리\network_pro\network_pro\net_mazerunner_oop\release\net_mazerunner.ipdb
c:\users\이준성\desktop\구루구루 이미지 폴더\프로그램 파일 관리\network_pro\network_pro\net_mazerunner_oop\release\net_mazerunner.iobj
c:\users\이준성\desktop\구루구루 이미지 폴더\프로그램 파일 관리\network_pro\network_pro\net_mazerunner_oop\release\net_mazerunner.tlog\cl.command.1.tlog
c:\users\이준성\desktop\구루구루 이미지 폴더\프로그램 파일 관리\network_pro\network_pro\net_mazerunner_oop\release\net_mazerunner.tlog\cl.read.1.tlog
c:\users\이준성\desktop\구루구루 이미지 폴더\프로그램 파일 관리\network_pro\network_pro\net_mazerunner_oop\release\net_mazerunner.tlog\cl.write.1.tlog
c:\users\이준성\desktop\구루구루 이미지 폴더\프로그램 파일 관리\network_pro\network_pro\net_mazerunner_oop\release\net_mazerunner.tlog\link.command.1.tlog
c:\users\이준성\desktop\구루구루 이미지 폴더\프로그램 파일 관리\network_pro\network_pro\net_mazerunner_oop\release\net_mazerunner.tlog\link.read.1.tlog
c:\users\이준성\desktop\구루구루 이미지 폴더\프로그램 파일 관리\network_pro\network_pro\net_mazerunner_oop\release\net_mazerunner.tlog\link.write.1.tlog
c:\users\이준성\desktop\구루구루 이미지 폴더\프로그램 파일 관리\network_pro\network_pro\net_mazerunner_oop\release\net_mazerunner.tlog\net_mazerunner.write.1u.tlog
